\BOOKMARK [-1][-]{part.1}{\376\377\000I\000\040\164\006\213\272\127\372\170\100}{}% 1
\BOOKMARK [0][-]{chapter.1}{\376\377\221\317\133\120\164\006\213\272\166\204\127\372\147\054\123\237\164\006}{part.1}% 2
\BOOKMARK [1][-]{section.1.1}{\376\377\221\317\133\120\164\006\213\272\127\372\170\100}{chapter.1}% 3
\BOOKMARK [2][-]{subsection.1.1.1}{\376\377\162\266\140\001\000,\176\277\140\047\123\340\122\240}{section.1.1}% 4
\BOOKMARK [2][-]{subsection.1.1.2}{\376\377\162\266\140\001\000,\136\172\153\143\157\024\123\026}{section.1.1}% 5
\BOOKMARK [2][-]{subsection.1.1.3}{\376\377\155\113\221\317\225\356\230\230}{section.1.1}% 6
\BOOKMARK [1][-]{section.1.2}{\376\377\127\372\147\054\133\371\146\023\121\163\174\373}{chapter.1}% 7
\BOOKMARK [1][-]{section.1.3}{\376\377\0000\000+\0001\122\250\122\233\133\146\225\356\230\230\000:\173\227\173\046\145\271\154\325}{chapter.1}% 8
\BOOKMARK [2][-]{subsection.1.3.1}{\376\377\000S\000c\000h\000r\000\366\000d\000i\000n\000g\000e\000r\000\040\176\330\146\157\116\016\000\040\000H\000e\000i\000s\000e\000n\000b\000e\000r\000g\000\040\176\330\146\157}{section.1.3}% 9
\BOOKMARK [2][-]{subsection.1.3.2}{\376\377\166\370\116\222\117\134\165\050\176\330\146\157\124\214\000D\000y\000s\000o\000n\176\247\145\160}{section.1.3}% 10
\BOOKMARK [1][-]{section.1.4}{\376\377\0000\000+\0001\000\040\176\364\122\250\122\233\133\146\225\356\230\230\000:\000\040\154\333\121\375\145\271\154\325}{chapter.1}% 11
\BOOKMARK [1][-]{section.1.5}{\376\377\133\371\171\360\140\047}{chapter.1}% 12
\BOOKMARK [2][-]{subsection.1.5.1}{\376\377\133\371\171\360\177\244\116\016\142\225\137\161\210\150\171\072}{section.1.5}% 13
\BOOKMARK [2][-]{subsection.1.5.2}{\376\377\147\116\177\244\116\016\147\116\116\343\145\160}{section.1.5}% 14
\BOOKMARK [0][-]{chapter.2}{\376\377\145\366\172\172\211\302}{part.1}% 15
\BOOKMARK [1][-]{section.2.1}{\376\377\162\355\116\111\166\370\133\371\213\272}{chapter.2}% 16
\BOOKMARK [1][-]{section.2.2}{\376\377\000L\000o\000r\000e\000n\000t\000z\000\040\123\330\143\142\116\016\000\040\000P\000o\000i\000n\000c\000a\000r\000\351\000\040\123\330\143\142}{chapter.2}% 17
\BOOKMARK [2][-]{subsection.2.2.1}{\376\377\000L\000o\000r\000e\000n\000t\000z\000\040\123\330\143\142}{section.2.2}% 18
\BOOKMARK [2][-]{subsection.2.2.2}{\376\377\000P\000o\000i\000n\000c\000a\000r\000\351\000\040\123\330\143\142}{section.2.2}% 19
\BOOKMARK [0][-]{chapter.3}{\376\377\174\222\133\120\140\001}{part.1}% 20
\BOOKMARK [1][-]{section.3.1}{\376\377\000P\000o\000i\000n\000c\000a\000r\000\351\000\040\116\343\145\160}{chapter.3}% 21
\BOOKMARK [1][-]{section.3.2}{\376\377\123\125\174\222\133\120\140\001}{chapter.3}% 22
\BOOKMARK [2][-]{subsection.3.2.1}{\376\377\153\143\133\232\215\050\221\317\174\222\133\120}{section.3.2}% 23
\BOOKMARK [2][-]{subsection.3.2.2}{\376\377\226\366\215\050\221\317\174\222\133\120}{section.3.2}% 24
\BOOKMARK [-1][-]{part.2}{\376\377\000I\000I\000\040\0001\000+\0003\176\364\127\072\213\272}{}% 25
\BOOKMARK [0][-]{chapter.4}{\376\377\145\143\134\004\164\006\213\272}{part.2}% 26
\BOOKMARK [1][-]{section.4.1}{\376\377\040\034\121\372\040\035\124\214\040\034\121\145\040\035\140\001}{chapter.4}% 27
\BOOKMARK [1][-]{section.4.2}{\376\377\000S\000-\167\351\226\065}{chapter.4}% 28
\BOOKMARK [1][-]{section.4.3}{\376\377\000S\000-\167\351\226\065\166\204\133\371\171\360\140\047}{chapter.4}% 29
\BOOKMARK [2][-]{subsection.4.3.1}{\376\377\136\172\153\143\140\047}{section.4.3}% 30
\BOOKMARK [2][-]{subsection.4.3.2}{\376\377\000L\000o\000r\000e\000n\000t\000z\133\371\171\360\140\047}{section.4.3}% 31
\BOOKMARK [2][-]{subsection.4.3.3}{\376\377\121\205\220\350\133\371\171\360\140\047}{section.4.3}% 32
\BOOKMARK [1][-]{section.4.4}{\376\377\163\273\202\162\133\120\124\214\215\071\174\163\133\120}{chapter.4}% 33
\BOOKMARK [1][-]{section.4.5}{\376\377\173\227\173\046\166\204\116\000\202\054\137\142\137\017}{chapter.4}% 34
\BOOKMARK [1][-]{section.4.6}{\376\377\226\306\126\342\122\006\211\343\116\016\217\336\220\032\143\057\136\105}{chapter.4}% 35
\BOOKMARK [1][-]{section.4.7}{\376\377\166\370\116\222\117\134\165\050\166\204\176\323\147\204}{chapter.4}% 36
\BOOKMARK [0][-]{chapter.5}{\376\377\127\072\116\016\123\315\174\222\133\120}{part.2}% 37
\BOOKMARK [1][-]{section.5.1}{\376\377\201\352\165\061\127\072\164\006\213\272}{chapter.5}% 38
\BOOKMARK [1][-]{section.5.2}{\376\377\000L\000o\000r\000e\000n\000t\000z\177\244\166\204\116\015\123\357\176\246\210\150\171\072}{chapter.5}% 39
\BOOKMARK [1][-]{section.5.3}{\376\377\153\143\133\232\215\050\221\317\174\222\133\120\126\340\147\234\127\072}{chapter.5}% 40
\BOOKMARK [1][-]{section.5.4}{\376\377\226\366\215\050\221\317\174\222\133\120\126\340\147\234\127\072}{chapter.5}% 41
\BOOKMARK [0][-]{chapter.6}{\376\377\166\370\116\222\117\134\165\050\164\006\213\272}{part.2}% 42
\BOOKMARK [1][-]{section.6.1}{\376\377\215\071\146\374\211\304\122\031}{chapter.6}% 43
\BOOKMARK [1][-]{section.6.2}{\376\377\173\227\173\046\145\271\154\325}{chapter.6}% 44
\BOOKMARK [1][-]{section.6.3}{\376\377\217\307\156\041\122\060\166\370\116\222\117\134\165\050\176\330\146\157\377\032\117\213\133\120}{chapter.6}% 45
\BOOKMARK [1][-]{section.6.4}{\376\377\123\357\211\302\155\113\221\317}{chapter.6}% 46
\BOOKMARK [2][-]{subsection.6.4.1}{\376\377\173\261\153\143\211\304\123\026}{section.6.4}% 47
\BOOKMARK [2][-]{subsection.6.4.2}{\376\377\220\037\163\207\000:\142\052\227\142\124\214\210\160\123\330\163\207}{section.6.4}% 48
\BOOKMARK [2][-]{subsection.6.4.3}{\376\377\147\053\140\001\166\204\166\370\172\172\225\364\171\357\122\006}{section.6.4}% 49
\BOOKMARK [1][-]{section.6.5}{\376\377\162\151\164\006\117\213\133\120\116\016\136\224\165\050}{chapter.6}% 50
\BOOKMARK [1][-]{section.6.6}{\376\377\154\333\121\375\145\271\154\325}{chapter.6}% 51
\BOOKMARK [2][-]{subsection.6.6.1}{\376\377\154\342\202\162\133\120\166\204\215\357\137\204\171\357\122\006}{section.6.6}% 52
\BOOKMARK [2][-]{subsection.6.6.2}{\376\377\215\071\174\163\133\120\166\204\215\357\137\204\171\357\122\006}{section.6.6}% 53
\BOOKMARK [0][-]{chapter.7}{\376\377\165\065\122\250\122\233\133\146\127\372\147\054\217\307\172\013}{part.2}% 54
\BOOKMARK [-1][-]{part.3}{\376\377\000I\000I\000I\000\040\145\143\134\004\143\057\136\105\166\204\211\343\147\220\164\006\213\272}{}% 55
\BOOKMARK [0][-]{chapter.8}{\376\377\121\154\164\006\123\026\117\123\174\373}{part.3}% 56
\BOOKMARK [1][-]{section.8.1}{\376\377\133\371\171\360\140\047}{chapter.8}% 57
\BOOKMARK [1][-]{section.8.2}{\376\377\156\020\217\321\164\006\213\272}{chapter.8}% 58
\BOOKMARK [2][-]{subsection.8.2.1}{\376\377\000H\000a\000a\000g\000\040\133\232\164\006\166\204\124\057\171\072\116\016\166\370\116\222\117\134\165\050\176\330\146\157\166\204\131\061\145\110}{section.8.2}% 59
\BOOKMARK [2][-]{subsection.8.2.2}{\376\377\156\020\217\321\147\141\116\366\124\214\121\372\121\145\140\001}{section.8.2}% 60
\BOOKMARK [2][-]{subsection.8.2.3}{\376\377\000L\000S\000Z\000\040\176\246\123\026\121\154\137\017}{section.8.2}% 61
\BOOKMARK [1][-]{section.8.3}{\376\377\133\232\147\201\133\146}{chapter.8}% 62
\BOOKMARK [1][-]{section.8.4}{\376\377\117\040\144\255\133\120\166\204\174\276\170\156\176\323\147\204}{chapter.8}% 63
\BOOKMARK [2][-]{subsection.8.4.1}{\376\377\215\050\221\317\221\315\145\164\123\026\116\016\127\072\137\072\221\315\145\164\123\026}{section.8.4}% 64
\BOOKMARK [2][-]{subsection.8.4.2}{\376\377\221\315\145\164\123\026\165\065\203\167\116\016\000\040\000W\000a\000r\000d\000\040\173\111\137\017}{section.8.4}% 65
\BOOKMARK [1][-]{section.8.5}{\376\377\211\304\203\003\116\015\123\330\140\047}{chapter.8}% 66
\BOOKMARK [2][-]{subsection.8.5.1}{\376\377\000K\000\344\000l\000l\000\351\000n\000-\000L\000e\000h\000m\000a\000n\000n\000\040\214\061\210\150\171\072}{section.8.5}% 67
\BOOKMARK [1][-]{section.8.6}{\376\377\202\162\145\143\121\163\174\373}{chapter.8}% 68
\BOOKMARK [0][-]{chapter.9}{\376\377\221\317\133\120\165\065\122\250\122\233\133\146\166\204\217\220\134\004\117\356\153\143}{part.3}% 69
\BOOKMARK [0][-]{chapter.10}{\376\377\174\373\176\337\221\315\145\164\123\026\164\006\213\272}{part.3}% 70
\BOOKMARK [0][-]{chapter.11}{\376\377\147\011\145\110\164\006\213\272}{part.3}% 71
\BOOKMARK [1][-]{section.11.1}{\376\377\000W\000i\000l\000s\000o\000n\000i\000a\000n\000\040\221\315\145\164\123\026\177\244}{chapter.11}% 72
\BOOKMARK [2][-]{subsection.11.1.1}{\376\377\122\250\221\317\142\052\145\255\116\016\152\041\137\017\171\357\122\006}{section.11.1}% 73
\BOOKMARK [2][-]{subsection.11.1.2}{\376\377\166\370\121\163\173\227\173\046\060\001\217\271\177\030\173\227\173\046\116\016\145\340\121\163\173\227\173\046}{section.11.1}% 74
\BOOKMARK [1][-]{section.11.2}{\376\377\147\011\145\110\127\072\213\272\166\204\147\204\136\372\123\237\122\031}{chapter.11}% 75
\BOOKMARK [2][-]{subsection.11.2.1}{\376\377\173\227\173\046\116\130\171\357\134\125\137\000}{section.11.2}% 76
\BOOKMARK [2][-]{subsection.11.2.2}{\376\377\220\000\200\046\133\232\164\006}{section.11.2}% 77
\BOOKMARK [2][-]{subsection.11.2.3}{\376\377\123\071\221\115\116\016\232\330\200\375\201\352\165\061\136\246\166\204\171\357\122\006}{section.11.2}% 78
